<?xml version="1.0" encoding="UTF-8"?>
<testng-results ignored="0" total="2" passed="2" failed="0" skipped="0">
  <reporter-output>
  </reporter-output>
  <suite started-at="2025-08-22T18:53:56 IST" name="Default suite" finished-at="2025-08-22T18:54:51 IST" duration-ms="54418">
    <groups>
    </groups>
    <test started-at="2025-08-22T18:53:56 IST" name="Default test" finished-at="2025-08-22T18:54:51 IST" duration-ms="54418">
      <class name="com.orangehrm.tests.PIMAddempTest2">
        <test-method is-config="true" signature="launchBrowser()[pri:0, instance:com.orangehrm.tests.PIMAddempTest2@477b4cdf]" started-at="2025-08-22T18:53:56 IST" name="launchBrowser" finished-at="2025-08-22T18:53:59 IST" duration-ms="3067" status="PASS">
          <reporter-output>
          </reporter-output>
        </test-method> <!-- launchBrowser -->
        <test-method is-config="true" signature="setup()[pri:0, instance:com.orangehrm.tests.PIMAddempTest2@477b4cdf]" started-at="2025-08-22T18:53:59 IST" name="setup" finished-at="2025-08-22T18:54:02 IST" duration-ms="3241" status="PASS">
          <reporter-output>
          </reporter-output>
        </test-method> <!-- setup -->
        <test-method signature="TC05_LoginValidCredentials(java.lang.String,java.lang.String)[pri:0, instance:com.orangehrm.tests.PIMAddempTest2@477b4cdf]" started-at="2025-08-22T18:54:02 IST" name="TC05_LoginValidCredentials" data-provider="loginData" finished-at="2025-08-22T18:54:08 IST" duration-ms="5806" status="PASS">
          <params>
            <param index="0">
              <value>
                <![CDATA[Admin]]>
              </value>
            </param>
            <param index="1">
              <value>
                <![CDATA[admin123]]>
              </value>
            </param>
          </params>
          <reporter-output>
          </reporter-output>
        </test-method> <!-- TC05_LoginValidCredentials -->
        <test-method is-config="true" signature="tearDown(org.testng.ITestResult)[pri:0, instance:com.orangehrm.tests.PIMAddempTest2@477b4cdf]" started-at="2025-08-22T18:54:09 IST" name="tearDown" finished-at="2025-08-22T18:54:09 IST" duration-ms="1" status="PASS">
          <params>
            <param index="0">
              <value>
                <![CDATA[[TestResult name=TC05_LoginValidCredentials status=SUCCESS method=PIMAddempTest2.TC05_LoginValidCredentials(java.lang.String,java.lang.String)[pri:0, instance:com.orangehrm.tests.PIMAddempTest2@477b4cdf] output={null}]]]>
              </value>
            </param>
          </params>
          <reporter-output>
          </reporter-output>
        </test-method> <!-- tearDown -->
        <test-method is-config="true" signature="setup()[pri:0, instance:com.orangehrm.tests.PIMAddempTest2@477b4cdf]" started-at="2025-08-22T18:54:09 IST" name="setup" finished-at="2025-08-22T18:54:10 IST" duration-ms="1003" status="PASS">
          <reporter-output>
          </reporter-output>
        </test-method> <!-- setup -->
        <test-method signature="addEmployeeTest(java.lang.String,java.lang.String,java.lang.String)[pri:0, instance:com.orangehrm.tests.PIMAddempTest2@477b4cdf]" started-at="2025-08-22T18:54:10 IST" name="addEmployeeTest" data-provider="empData" finished-at="2025-08-22T18:54:50 IST" depends-on-methods="com.orangehrm.tests.PIMAddempTest2.TC05_LoginValidCredentials" duration-ms="39668" status="PASS">
          <params>
            <param index="0">
              <value>
                <![CDATA[Shilpa ]]>
              </value>
            </param>
            <param index="1">
              <value>
                <![CDATA[P ]]>
              </value>
            </param>
            <param index="2">
              <value>
                <![CDATA[S]]>
              </value>
            </param>
          </params>
          <reporter-output>
          </reporter-output>
        </test-method> <!-- addEmployeeTest -->
        <test-method is-config="true" signature="tearDown(org.testng.ITestResult)[pri:0, instance:com.orangehrm.tests.PIMAddempTest2@477b4cdf]" started-at="2025-08-22T18:54:50 IST" name="tearDown" finished-at="2025-08-22T18:54:50 IST" duration-ms="0" status="PASS">
          <params>
            <param index="0">
              <value>
                <![CDATA[[TestResult name=addEmployeeTest status=SUCCESS method=PIMAddempTest2.addEmployeeTest(java.lang.String,java.lang.String,java.lang.String)[pri:0, instance:com.orangehrm.tests.PIMAddempTest2@477b4cdf] output={null}]]]>
              </value>
            </param>
          </params>
          <reporter-output>
          </reporter-output>
        </test-method> <!-- tearDown -->
        <test-method is-config="true" signature="closeBrowser()[pri:0, instance:com.orangehrm.tests.PIMAddempTest2@477b4cdf]" started-at="2025-08-22T18:54:50 IST" name="closeBrowser" finished-at="2025-08-22T18:54:51 IST" duration-ms="191" status="PASS">
          <reporter-output>
          </reporter-output>
        </test-method> <!-- closeBrowser -->
      </class> <!-- com.orangehrm.tests.PIMAddempTest2 -->
    </test> <!-- Default test -->
  </suite> <!-- Default suite -->
</testng-results>
